[debug] [2025-09-18T23:52:46.724Z] ----------------------------------------------------------------------
[debug] [2025-09-18T23:52:46.729Z] Command:       C:\Program Files\nodejs\node.exe C:\Users\evince\AppData\Roaming\npm\node_modules\firebase-tools\lib\bin\firebase.js deploy --only firestore:indexes --debug
[debug] [2025-09-18T23:52:46.730Z] CLI Version:   14.16.0
[debug] [2025-09-18T23:52:46.730Z] Platform:      win32
[debug] [2025-09-18T23:52:46.731Z] Node Version:  v22.18.0
[debug] [2025-09-18T23:52:46.731Z] Time:          Fri Sep 19 2025 02:52:46 GMT+0300 (East Africa Time)
[debug] [2025-09-18T23:52:46.731Z] ----------------------------------------------------------------------
[debug] 
[debug] [2025-09-18T23:52:47.266Z] > command requires scopes: ["email","openid","https://www.googleapis.com/auth/cloudplatformprojects.readonly","https://www.googleapis.com/auth/firebase","https://www.googleapis.com/auth/cloud-platform"]
[debug] [2025-09-18T23:52:47.269Z] > authorizing via signed-in user (lelirentals@gmail.com)
[debug] [2025-09-18T23:52:47.270Z] [iam] checking project leli-rentals-52a08 for permissions ["datastore.indexes.create","datastore.indexes.delete","datastore.indexes.list","datastore.indexes.update","firebase.projects.get"]
[debug] [2025-09-18T23:52:47.273Z] Checked if tokens are valid: true, expires at: 1758242126839
[debug] [2025-09-18T23:52:47.273Z] Checked if tokens are valid: true, expires at: 1758242126839
[debug] [2025-09-18T23:52:47.277Z] >>> [apiv2][query] POST https://cloudresourcemanager.googleapis.com/v1/projects/leli-rentals-52a08:testIamPermissions [none]
[debug] [2025-09-18T23:52:47.278Z] >>> [apiv2][(partial)header] POST https://cloudresourcemanager.googleapis.com/v1/projects/leli-rentals-52a08:testIamPermissions x-goog-quota-user=projects/leli-rentals-52a08
[debug] [2025-09-18T23:52:47.279Z] >>> [apiv2][body] POST https://cloudresourcemanager.googleapis.com/v1/projects/leli-rentals-52a08:testIamPermissions {"permissions":["datastore.indexes.create","datastore.indexes.delete","datastore.indexes.list","datastore.indexes.update","firebase.projects.get"]}
[debug] [2025-09-18T23:52:48.979Z] <<< [apiv2][status] POST https://cloudresourcemanager.googleapis.com/v1/projects/leli-rentals-52a08:testIamPermissions 200
[debug] [2025-09-18T23:52:49.077Z] <<< [apiv2][body] POST https://cloudresourcemanager.googleapis.com/v1/projects/leli-rentals-52a08:testIamPermissions {"permissions":["datastore.indexes.create","datastore.indexes.delete","datastore.indexes.list","datastore.indexes.update","firebase.projects.get"]}
[info] 
[info] === Deploying to 'leli-rentals-52a08'...
[info] 
[info] i  deploying firestore 
[info] i  firestore: reading indexes from firestore.indexes.json... 
[info] i  cloud.firestore: checking firestore.rules for compilation errors... 
[debug] [2025-09-18T23:52:49.170Z] Checked if tokens are valid: true, expires at: 1758242126839
[debug] [2025-09-18T23:52:49.171Z] Checked if tokens are valid: true, expires at: 1758242126839
[debug] [2025-09-18T23:52:49.172Z] >>> [apiv2][query] POST https://firebaserules.googleapis.com/v1/projects/leli-rentals-52a08:test [none]
[debug] [2025-09-18T23:52:49.173Z] >>> [apiv2][body] POST https://firebaserules.googleapis.com/v1/projects/leli-rentals-52a08:test [omitted]
[debug] [2025-09-18T23:52:50.321Z] <<< [apiv2][status] POST https://firebaserules.googleapis.com/v1/projects/leli-rentals-52a08:test 200
[debug] [2025-09-18T23:52:50.324Z] <<< [apiv2][body] POST https://firebaserules.googleapis.com/v1/projects/leli-rentals-52a08:test {}
[info] +  cloud.firestore: rules file firestore.rules compiled successfully 
[debug] [2025-09-18T23:52:50.328Z] Checked if tokens are valid: true, expires at: 1758242126839
[debug] [2025-09-18T23:52:50.329Z] Checked if tokens are valid: true, expires at: 1758242126839
[debug] [2025-09-18T23:52:50.330Z] >>> [apiv2][query] GET https://firestore.googleapis.com/v1/projects/leli-rentals-52a08/databases/(default) [none]
[debug] [2025-09-18T23:52:51.214Z] <<< [apiv2][status] GET https://firestore.googleapis.com/v1/projects/leli-rentals-52a08/databases/(default) 200
[debug] [2025-09-18T23:52:51.214Z] <<< [apiv2][body] GET https://firestore.googleapis.com/v1/projects/leli-rentals-52a08/databases/(default) {"name":"projects/leli-rentals-52a08/databases/(default)","uid":"dc289044-a7c3-40c0-a6e0-82fede3e41aa","createTime":"2025-09-15T23:13:19.407430Z","updateTime":"2025-09-15T23:13:19.407430Z","locationId":"africa-south1","type":"FIRESTORE_NATIVE","concurrencyMode":"PESSIMISTIC","versionRetentionPeriod":"3600s","earliestVersionTime":"2025-09-18T22:52:51.137323Z","appEngineIntegrationMode":"DISABLED","pointInTimeRecoveryEnablement":"POINT_IN_TIME_RECOVERY_DISABLED","deleteProtectionState":"DELETE_PROTECTION_DISABLED","databaseEdition":"STANDARD","freeTier":true,"etag":"IO2hxejA448DMMWMtvjy248D"}
[info] i  firestore: deploying indexes... 
[debug] [2025-09-18T23:52:51.218Z] Checked if tokens are valid: true, expires at: 1758242126839
[debug] [2025-09-18T23:52:51.218Z] Checked if tokens are valid: true, expires at: 1758242126839
[debug] [2025-09-18T23:52:51.219Z] >>> [apiv2][query] GET https://firestore.googleapis.com/v1/projects/leli-rentals-52a08/databases/(default)/collectionGroups/-/indexes [none]
[debug] [2025-09-18T23:52:51.654Z] <<< [apiv2][status] GET https://firestore.googleapis.com/v1/projects/leli-rentals-52a08/databases/(default)/collectionGroups/-/indexes 200
[debug] [2025-09-18T23:52:51.655Z] <<< [apiv2][body] GET https://firestore.googleapis.com/v1/projects/leli-rentals-52a08/databases/(default)/collectionGroups/-/indexes {"indexes":[{"name":"projects/leli-rentals-52a08/databases/(default)/collectionGroups/user_interactions/indexes/CICAgJim18AI","queryScope":"COLLECTION","fields":[{"fieldPath":"userId","order":"ASCENDING"},{"fieldPath":"listingId","order":"ASCENDING"},{"fieldPath":"interactionType","order":"ASCENDING"},{"fieldPath":"__name__","order":"ASCENDING"}],"state":"READY","density":"SPARSE_ALL"},{"name":"projects/leli-rentals-52a08/databases/(default)/collectionGroups/user_interactions/indexes/CICAgJiUpsMI","queryScope":"COLLECTION","fields":[{"fieldPath":"userId","order":"ASCENDING"},{"fieldPath":"interactionType","order":"ASCENDING"},{"fieldPath":"timestamp","order":"DESCENDING"},{"fieldPath":"__name__","order":"DESCENDING"}],"state":"READY","density":"SPARSE_ALL"},{"name":"projects/leli-rentals-52a08/databases/(default)/collectionGroups/favorites/indexes/CICAgJim14AJ","queryScope":"COLLECTION","fields":[{"fieldPath":"userId","order":"ASCENDING"},{"fieldPath":"createdAt","order":"DESCENDING"},{"fieldPath":"__name__","order":"DESCENDING"}],"state":"READY","density":"SPARSE_ALL"},{"name":"projects/leli-rentals-52a08/databases/(default)/collectionGroups/bookings/indexes/CICAgOjXh4EJ","queryScope":"COLLECTION","fields":[{"fieldPath":"ownerId","order":"ASCENDING"},{"fieldPath":"createdAt","order":"DESCENDING"},{"fieldPath":"__name__","order":"DESCENDING"}],"state":"READY","density":"SPARSE_ALL"},{"name":"projects/leli-rentals-52a08/databases/(default)/collectionGroups/listings/indexes/CICAgJj7z4EJ","queryScope":"COLLECTION","fields":[{"fieldPath":"category","order":"ASCENDING"},{"fieldPath":"price","order":"ASCENDING"},{"fieldPath":"__name__","order":"ASCENDING"}],"state":"READY","density":"SPARSE_ALL"},{"name":"projects/leli-rentals-52a08/databases/(default)/collectionGroups/bookings/indexes/CICAgJjF9oIJ","queryScope":"COLLECTION","fields":[{"fieldPath":"userId","order":"ASCENDING"},{"fieldPath":"createdAt","order":"DESCENDING"},{"fieldPath":"__name__","order":"DESCENDING"}],"state":"READY","density":"SPARSE_ALL"},{"name":"projects/leli-rentals-52a08/databases/(default)/collectionGroups/bookings/indexes/CICAgJiUpoMJ","queryScope":"COLLECTION","fields":[{"fieldPath":"userId","order":"ASCENDING"},{"fieldPath":"status","order":"ASCENDING"},{"fieldPath":"__name__","order":"ASCENDING"}],"state":"READY","density":"SPARSE_ALL"},{"name":"projects/leli-rentals-52a08/databases/(default)/collectionGroups/savedBookings/indexes/CICAgJim14AK","queryScope":"COLLECTION","fields":[{"fieldPath":"userId","order":"ASCENDING"},{"fieldPath":"listingId","order":"ASCENDING"},{"fieldPath":"__name__","order":"ASCENDING"}],"state":"READY","density":"SPARSE_ALL"},{"name":"projects/leli-rentals-52a08/databases/(default)/collectionGroups/savedBookings/indexes/CICAgOjXh4EK","queryScope":"COLLECTION","fields":[{"fieldPath":"userId","order":"ASCENDING"},{"fieldPath":"savedAt","order":"DESCENDING"},{"fieldPath":"__name__","order":"DESCENDING"}],"state":"READY","density":"SPARSE_ALL"},{"name":"projects/leli-rentals-52a08/databases/(default)/collectionGroups/listings/indexes/CICAgJj7z4EK","queryScope":"COLLECTION","fields":[{"fieldPath":"category","order":"ASCENDING"},{"fieldPath":"createdAt","order":"DESCENDING"},{"fieldPath":"__name__","order":"DESCENDING"}],"state":"READY","density":"SPARSE_ALL"},{"name":"projects/leli-rentals-52a08/databases/(default)/collectionGroups/favorites/indexes/CICAgJjF9oIK","queryScope":"COLLECTION","fields":[{"fieldPath":"userId","order":"ASCENDING"},{"fieldPath":"listingId","order":"ASCENDING"},{"fieldPath":"__name__","order":"ASCENDING"}],"state":"READY","density":"SPARSE_ALL"},{"name":"projects/leli-rentals-52a08/databases/(default)/collectionGroups/savedBookings/indexes/CICAgJiUpoMK","queryScope":"COLLECTION","fields":[{"fieldPath":"userId","order":"ASCENDING"},{"fieldPath":"listingCategory","order":"ASCENDING"},{"fieldPath":"__name__","order":"ASCENDING"}],"state":"READY","density":"SPARSE_ALL"},{"name":"projects/leli-rentals-52a08/databases/(default)/collectionGroups/listings/indexes/CICAgJim14AL","queryScope":"COLLECTION","fields":[{"fieldPath":"available","order":"ASCENDING"},{"fieldPath":"createdAt","order":"DESCENDING"},{"fieldPath":"__name__","order":"DESCENDING"}],"state":"READY","density":"SPARSE_ALL"},{"name":"projects/leli-rentals-52a08/databases/(default)/collectionGroups/listings/indexes/CICAgOjXh4EL","queryScope":"COLLECTION","fields":[{"fieldPath":"location","order":"ASCENDING"},{"fieldPath":"createdAt","order":"DESCENDING"},{"fieldPath":"__name__","order":"DESCENDING"}],"state":"READY","density":"SPARSE_ALL"},{"name":"projects/leli-rentals-52a08/databases/(default)/collectionGroups/listings/indexes/CICAgJiUpoML","queryScope":"COLLECTION","fields":[{"fieldPath":"ownerId","order":"ASCENDING"},{"fieldPath":"createdAt","order":"DESCENDING"},{"fieldPath":"__name__","order":"DESCENDING"}],"state":"READY","density":"SPARSE_ALL"}]}
[debug] [2025-09-18T23:52:51.658Z] Checked if tokens are valid: true, expires at: 1758242126839
[debug] [2025-09-18T23:52:51.658Z] Checked if tokens are valid: true, expires at: 1758242126839
[debug] [2025-09-18T23:52:51.659Z] >>> [apiv2][query] GET https://firestore.googleapis.com/v1/projects/leli-rentals-52a08/databases/(default)/collectionGroups/-/fields?filter=indexConfig.usesAncestorConfig=false OR ttlConfig:* [none]
[debug] [2025-09-18T23:52:51.745Z] <<< [apiv2][status] GET https://firestore.googleapis.com/v1/projects/leli-rentals-52a08/databases/(default)/collectionGroups/-/fields?filter=indexConfig.usesAncestorConfig=false OR ttlConfig:* 200
[debug] [2025-09-18T23:52:51.746Z] <<< [apiv2][body] GET https://firestore.googleapis.com/v1/projects/leli-rentals-52a08/databases/(default)/collectionGroups/-/fields?filter=indexConfig.usesAncestorConfig=false OR ttlConfig:* {"fields":[{"name":"projects/leli-rentals-52a08/databases/(default)/collectionGroups/__default__/fields/*","indexConfig":{"indexes":[{"queryScope":"COLLECTION","fields":[{"fieldPath":"*","order":"ASCENDING"}],"state":"READY"},{"queryScope":"COLLECTION","fields":[{"fieldPath":"*","order":"DESCENDING"}],"state":"READY"},{"queryScope":"COLLECTION","fields":[{"fieldPath":"*","arrayConfig":"CONTAINS"}],"state":"READY"}]}}]}
[debug] [2025-09-18T23:52:51.746Z] Checked if tokens are valid: true, expires at: 1758242126839
[debug] [2025-09-18T23:52:51.747Z] Checked if tokens are valid: true, expires at: 1758242126839
[debug] [2025-09-18T23:52:51.747Z] >>> [apiv2][query] GET https://firestore.googleapis.com/v1/projects/leli-rentals-52a08/databases/(default) [none]
[debug] [2025-09-18T23:52:51.840Z] <<< [apiv2][status] GET https://firestore.googleapis.com/v1/projects/leli-rentals-52a08/databases/(default) 200
[debug] [2025-09-18T23:52:51.840Z] <<< [apiv2][body] GET https://firestore.googleapis.com/v1/projects/leli-rentals-52a08/databases/(default) {"name":"projects/leli-rentals-52a08/databases/(default)","uid":"dc289044-a7c3-40c0-a6e0-82fede3e41aa","createTime":"2025-09-15T23:13:19.407430Z","updateTime":"2025-09-15T23:13:19.407430Z","locationId":"africa-south1","type":"FIRESTORE_NATIVE","concurrencyMode":"PESSIMISTIC","versionRetentionPeriod":"3600s","earliestVersionTime":"2025-09-18T22:52:51.764232Z","appEngineIntegrationMode":"DISABLED","pointInTimeRecoveryEnablement":"POINT_IN_TIME_RECOVERY_DISABLED","deleteProtectionState":"DELETE_PROTECTION_DISABLED","databaseEdition":"STANDARD","freeTier":true,"etag":"IPnB6+jA448DMMWMtvjy248D"}
[debug] [2025-09-18T23:52:51.844Z] Skipping existing index: {"collectionGroup":"savedBookings","queryScope":"COLLECTION","fields":[{"fieldPath":"userId","order":"ASCENDING"},{"fieldPath":"savedAt","order":"DESCENDING"}]}
[debug] [2025-09-18T23:52:51.845Z] Skipping existing index: {"collectionGroup":"savedBookings","queryScope":"COLLECTION","fields":[{"fieldPath":"userId","order":"ASCENDING"},{"fieldPath":"listingCategory","order":"ASCENDING"}]}
[debug] [2025-09-18T23:52:51.846Z] Skipping existing index: {"collectionGroup":"savedBookings","queryScope":"COLLECTION","fields":[{"fieldPath":"userId","order":"ASCENDING"},{"fieldPath":"listingId","order":"ASCENDING"}]}
[debug] [2025-09-18T23:52:51.847Z] Skipping existing index: {"collectionGroup":"favorites","queryScope":"COLLECTION","fields":[{"fieldPath":"userId","order":"ASCENDING"},{"fieldPath":"createdAt","order":"DESCENDING"}]}
[debug] [2025-09-18T23:52:51.848Z] Skipping existing index: {"collectionGroup":"favorites","queryScope":"COLLECTION","fields":[{"fieldPath":"userId","order":"ASCENDING"},{"fieldPath":"listingId","order":"ASCENDING"}]}
[debug] [2025-09-18T23:52:51.848Z] Skipping existing index: {"collectionGroup":"bookings","queryScope":"COLLECTION","fields":[{"fieldPath":"userId","order":"ASCENDING"},{"fieldPath":"createdAt","order":"DESCENDING"}]}
[debug] [2025-09-18T23:52:51.849Z] Skipping existing index: {"collectionGroup":"bookings","queryScope":"COLLECTION","fields":[{"fieldPath":"userId","order":"ASCENDING"},{"fieldPath":"status","order":"ASCENDING"}]}
[debug] [2025-09-18T23:52:51.849Z] Skipping existing index: {"collectionGroup":"bookings","queryScope":"COLLECTION","fields":[{"fieldPath":"ownerId","order":"ASCENDING"},{"fieldPath":"createdAt","order":"DESCENDING"}]}
[debug] [2025-09-18T23:52:51.850Z] Skipping existing index: {"collectionGroup":"listings","queryScope":"COLLECTION","fields":[{"fieldPath":"category","order":"ASCENDING"},{"fieldPath":"createdAt","order":"DESCENDING"}]}
[debug] [2025-09-18T23:52:51.851Z] Skipping existing index: {"collectionGroup":"listings","queryScope":"COLLECTION","fields":[{"fieldPath":"category","order":"ASCENDING"},{"fieldPath":"price","order":"ASCENDING"}]}
[debug] [2025-09-18T23:52:51.851Z] Skipping existing index: {"collectionGroup":"listings","queryScope":"COLLECTION","fields":[{"fieldPath":"location","order":"ASCENDING"},{"fieldPath":"createdAt","order":"DESCENDING"}]}
[debug] [2025-09-18T23:52:51.852Z] Skipping existing index: {"collectionGroup":"listings","queryScope":"COLLECTION","fields":[{"fieldPath":"ownerId","order":"ASCENDING"},{"fieldPath":"createdAt","order":"DESCENDING"}]}
[debug] [2025-09-18T23:52:51.853Z] Skipping existing index: {"collectionGroup":"listings","queryScope":"COLLECTION","fields":[{"fieldPath":"available","order":"ASCENDING"},{"fieldPath":"createdAt","order":"DESCENDING"}]}
[debug] [2025-09-18T23:52:51.854Z] Skipping existing index: {"collectionGroup":"user_interactions","queryScope":"COLLECTION","fields":[{"fieldPath":"userId","order":"ASCENDING"},{"fieldPath":"listingId","order":"ASCENDING"},{"fieldPath":"interactionType","order":"ASCENDING"}]}
[debug] [2025-09-18T23:52:51.855Z] Skipping existing index: {"collectionGroup":"user_interactions","queryScope":"COLLECTION","fields":[{"fieldPath":"userId","order":"ASCENDING"},{"fieldPath":"interactionType","order":"ASCENDING"},{"fieldPath":"timestamp","order":"DESCENDING"}]}
[debug] [2025-09-18T23:52:51.856Z] Creating new index: {"collectionGroup":"userReviews","queryScope":"COLLECTION","fields":[{"fieldPath":"revieweeId","order":"ASCENDING"},{"fieldPath":"createdAt","order":"DESCENDING"}]}
[debug] [2025-09-18T23:52:51.857Z] Checked if tokens are valid: true, expires at: 1758242126839
[debug] [2025-09-18T23:52:51.858Z] Checked if tokens are valid: true, expires at: 1758242126839
[debug] [2025-09-18T23:52:51.859Z] >>> [apiv2][query] POST https://firestore.googleapis.com/v1/projects/leli-rentals-52a08/databases/(default)/collectionGroups/userReviews/indexes [none]
[debug] [2025-09-18T23:52:51.860Z] >>> [apiv2][body] POST https://firestore.googleapis.com/v1/projects/leli-rentals-52a08/databases/(default)/collectionGroups/userReviews/indexes {"fields":[{"fieldPath":"revieweeId","order":"ASCENDING"},{"fieldPath":"createdAt","order":"DESCENDING"}],"queryScope":"COLLECTION"}
[debug] [2025-09-18T23:52:52.157Z] <<< [apiv2][status] POST https://firestore.googleapis.com/v1/projects/leli-rentals-52a08/databases/(default)/collectionGroups/userReviews/indexes 200
[debug] [2025-09-18T23:52:52.158Z] <<< [apiv2][body] POST https://firestore.googleapis.com/v1/projects/leli-rentals-52a08/databases/(default)/collectionGroups/userReviews/indexes {"name":"projects/leli-rentals-52a08/databases/(default)/operations/SUU4aFhqT2dBQ0lDDCoDIDNlMjZmNTI0ZDQ2Mi1lNmM5LThiODQtZTRmNS1mNTBkNjkwMiQac2VuaWxlcGlwCQpBEg","metadata":{"@type":"type.googleapis.com/google.firestore.admin.v1.IndexOperationMetadata","startTime":"2025-09-18T23:52:52.063283Z","index":"projects/leli-rentals-52a08/databases/(default)/collectionGroups/userReviews/indexes/CICAgOjXh8EI","state":"INITIALIZING"}}
[debug] [2025-09-18T23:52:52.159Z] Creating new index: {"collectionGroup":"userReviews","queryScope":"COLLECTION","fields":[{"fieldPath":"reviewerId","order":"ASCENDING"},{"fieldPath":"createdAt","order":"DESCENDING"}]}
[debug] [2025-09-18T23:52:52.159Z] Checked if tokens are valid: true, expires at: 1758242126839
[debug] [2025-09-18T23:52:52.160Z] Checked if tokens are valid: true, expires at: 1758242126839
[debug] [2025-09-18T23:52:52.160Z] >>> [apiv2][query] POST https://firestore.googleapis.com/v1/projects/leli-rentals-52a08/databases/(default)/collectionGroups/userReviews/indexes [none]
[debug] [2025-09-18T23:52:52.160Z] >>> [apiv2][body] POST https://firestore.googleapis.com/v1/projects/leli-rentals-52a08/databases/(default)/collectionGroups/userReviews/indexes {"fields":[{"fieldPath":"reviewerId","order":"ASCENDING"},{"fieldPath":"createdAt","order":"DESCENDING"}],"queryScope":"COLLECTION"}
[debug] [2025-09-18T23:52:52.397Z] <<< [apiv2][status] POST https://firestore.googleapis.com/v1/projects/leli-rentals-52a08/databases/(default)/collectionGroups/userReviews/indexes 200
[debug] [2025-09-18T23:52:52.398Z] <<< [apiv2][body] POST https://firestore.googleapis.com/v1/projects/leli-rentals-52a08/databases/(default)/collectionGroups/userReviews/indexes {"name":"projects/leli-rentals-52a08/databases/(default)/operations/TEU0ejdqSmdBQ0lDDCoDIDA5ZGQ0NzE0MjBmMy1lMDM4LTI2MjQtMzI2Mi1mNzkxOTJkMyQac2VuaWxlcGlwCQpBEg","metadata":{"@type":"type.googleapis.com/google.firestore.admin.v1.IndexOperationMetadata","startTime":"2025-09-18T23:52:52.197493Z","index":"projects/leli-rentals-52a08/databases/(default)/collectionGroups/userReviews/indexes/CICAgJj7z4EL","state":"INITIALIZING"}}
[debug] [2025-09-18T23:52:52.398Z] Creating new index: {"collectionGroup":"notifications","queryScope":"COLLECTION","fields":[{"fieldPath":"userId","order":"ASCENDING"},{"fieldPath":"read","order":"ASCENDING"},{"fieldPath":"createdAt","order":"DESCENDING"}]}
[debug] [2025-09-18T23:52:52.399Z] Checked if tokens are valid: true, expires at: 1758242126839
[debug] [2025-09-18T23:52:52.399Z] Checked if tokens are valid: true, expires at: 1758242126839
[debug] [2025-09-18T23:52:52.400Z] >>> [apiv2][query] POST https://firestore.googleapis.com/v1/projects/leli-rentals-52a08/databases/(default)/collectionGroups/notifications/indexes [none]
[debug] [2025-09-18T23:52:52.400Z] >>> [apiv2][body] POST https://firestore.googleapis.com/v1/projects/leli-rentals-52a08/databases/(default)/collectionGroups/notifications/indexes {"fields":[{"fieldPath":"userId","order":"ASCENDING"},{"fieldPath":"read","order":"ASCENDING"},{"fieldPath":"createdAt","order":"DESCENDING"}],"queryScope":"COLLECTION"}
[debug] [2025-09-18T23:52:52.501Z] <<< [apiv2][status] POST https://firestore.googleapis.com/v1/projects/leli-rentals-52a08/databases/(default)/collectionGroups/notifications/indexes 200
[debug] [2025-09-18T23:52:52.502Z] <<< [apiv2][body] POST https://firestore.googleapis.com/v1/projects/leli-rentals-52a08/databases/(default)/collectionGroups/notifications/indexes {"name":"projects/leli-rentals-52a08/databases/(default)/operations/S01zcFVpSmdBQ0lDDCoDIDU3N2QwNjQxZjk2YS1hODVhLTdmZDQtNDEyMy0xZWU5YzFjMSQac2VuaWxlcGlwCQpBEg","metadata":{"@type":"type.googleapis.com/google.firestore.admin.v1.IndexOperationMetadata","startTime":"2025-09-18T23:52:52.415059Z","index":"projects/leli-rentals-52a08/databases/(default)/collectionGroups/notifications/indexes/CICAgJiUpsMK","state":"INITIALIZING"}}
[debug] [2025-09-18T23:52:52.503Z] Creating new index: {"collectionGroup":"notifications","queryScope":"COLLECTION","fields":[{"fieldPath":"userId","order":"ASCENDING"},{"fieldPath":"createdAt","order":"DESCENDING"}]}
[debug] [2025-09-18T23:52:52.504Z] Checked if tokens are valid: true, expires at: 1758242126839
[debug] [2025-09-18T23:52:52.505Z] Checked if tokens are valid: true, expires at: 1758242126839
[debug] [2025-09-18T23:52:52.505Z] >>> [apiv2][query] POST https://firestore.googleapis.com/v1/projects/leli-rentals-52a08/databases/(default)/collectionGroups/notifications/indexes [none]
[debug] [2025-09-18T23:52:52.506Z] >>> [apiv2][body] POST https://firestore.googleapis.com/v1/projects/leli-rentals-52a08/databases/(default)/collectionGroups/notifications/indexes {"fields":[{"fieldPath":"userId","order":"ASCENDING"},{"fieldPath":"createdAt","order":"DESCENDING"}],"queryScope":"COLLECTION"}
[debug] [2025-09-18T23:52:52.606Z] <<< [apiv2][status] POST https://firestore.googleapis.com/v1/projects/leli-rentals-52a08/databases/(default)/collectionGroups/notifications/indexes 200
[debug] [2025-09-18T23:52:52.607Z] <<< [apiv2][body] POST https://firestore.googleapis.com/v1/projects/leli-rentals-52a08/databases/(default)/collectionGroups/notifications/indexes {"name":"projects/leli-rentals-52a08/databases/(default)/operations/S0U4aFhqT2dBQ0lDDCoDIDA4OGZjMzZkZDlkYy00OTE4LTBlYzQtYTBmNC1jMTc3YmIyMCQac2VuaWxlcGlwCQpBEg","metadata":{"@type":"type.googleapis.com/google.firestore.admin.v1.IndexOperationMetadata","startTime":"2025-09-18T23:52:52.518166Z","index":"projects/leli-rentals-52a08/databases/(default)/collectionGroups/notifications/indexes/CICAgOjXh8EK","state":"INITIALIZING"}}
[debug] [2025-09-18T23:52:52.608Z] Creating new index: {"collectionGroup":"chatSessions","queryScope":"COLLECTION","fields":[{"fieldPath":"userId","order":"ASCENDING"},{"fieldPath":"createdAt","order":"DESCENDING"}]}
[debug] [2025-09-18T23:52:52.609Z] Checked if tokens are valid: true, expires at: 1758242126839
[debug] [2025-09-18T23:52:52.609Z] Checked if tokens are valid: true, expires at: 1758242126839
[debug] [2025-09-18T23:52:52.610Z] >>> [apiv2][query] POST https://firestore.googleapis.com/v1/projects/leli-rentals-52a08/databases/(default)/collectionGroups/chatSessions/indexes [none]
[debug] [2025-09-18T23:52:52.610Z] >>> [apiv2][body] POST https://firestore.googleapis.com/v1/projects/leli-rentals-52a08/databases/(default)/collectionGroups/chatSessions/indexes {"fields":[{"fieldPath":"userId","order":"ASCENDING"},{"fieldPath":"createdAt","order":"DESCENDING"}],"queryScope":"COLLECTION"}
[debug] [2025-09-18T23:52:52.728Z] <<< [apiv2][status] POST https://firestore.googleapis.com/v1/projects/leli-rentals-52a08/databases/(default)/collectionGroups/chatSessions/indexes 200
[debug] [2025-09-18T23:52:52.729Z] <<< [apiv2][body] POST https://firestore.googleapis.com/v1/projects/leli-rentals-52a08/databases/(default)/collectionGroups/chatSessions/indexes {"name":"projects/leli-rentals-52a08/databases/(default)/operations/S0E4MW1pSmdBQ0lDDCoDIGQxYzkxZGQzM2NlNC0yM2I4LWY4YTQtNDExNC0zYWYzMThiZSQac2VuaWxlcGlwCQpBEg","metadata":{"@type":"type.googleapis.com/google.firestore.admin.v1.IndexOperationMetadata","startTime":"2025-09-18T23:52:52.637405Z","index":"projects/leli-rentals-52a08/databases/(default)/collectionGroups/chatSessions/indexes/CICAgJim18AK","state":"INITIALIZING"}}
[debug] [2025-09-18T23:52:52.730Z] Creating new index: {"collectionGroup":"supportTickets","queryScope":"COLLECTION","fields":[{"fieldPath":"userId","order":"ASCENDING"},{"fieldPath":"status","order":"ASCENDING"},{"fieldPath":"createdAt","order":"DESCENDING"}]}
[debug] [2025-09-18T23:52:52.731Z] Checked if tokens are valid: true, expires at: 1758242126839
[debug] [2025-09-18T23:52:52.731Z] Checked if tokens are valid: true, expires at: 1758242126839
[debug] [2025-09-18T23:52:52.732Z] >>> [apiv2][query] POST https://firestore.googleapis.com/v1/projects/leli-rentals-52a08/databases/(default)/collectionGroups/supportTickets/indexes [none]
[debug] [2025-09-18T23:52:52.732Z] >>> [apiv2][body] POST https://firestore.googleapis.com/v1/projects/leli-rentals-52a08/databases/(default)/collectionGroups/supportTickets/indexes {"fields":[{"fieldPath":"userId","order":"ASCENDING"},{"fieldPath":"status","order":"ASCENDING"},{"fieldPath":"createdAt","order":"DESCENDING"}],"queryScope":"COLLECTION"}
[debug] [2025-09-18T23:52:52.832Z] <<< [apiv2][status] POST https://firestore.googleapis.com/v1/projects/leli-rentals-52a08/databases/(default)/collectionGroups/supportTickets/indexes 200
[debug] [2025-09-18T23:52:52.833Z] <<< [apiv2][body] POST https://firestore.googleapis.com/v1/projects/leli-rentals-52a08/databases/(default)/collectionGroups/supportTickets/indexes {"name":"projects/leli-rentals-52a08/databases/(default)/operations/SkE4MW1pSmdBQ0lDDCoDIDMyOTY3MTdmZDVkYi04ZDhiLWM2NTQtNGZkYy02YjRmNjc4ZCQac2VuaWxlcGlwCQpBEg","metadata":{"@type":"type.googleapis.com/google.firestore.admin.v1.IndexOperationMetadata","startTime":"2025-09-18T23:52:52.747563Z","index":"projects/leli-rentals-52a08/databases/(default)/collectionGroups/supportTickets/indexes/CICAgJim18AJ","state":"INITIALIZING"}}
[debug] [2025-09-18T23:52:52.834Z] Creating new index: {"collectionGroup":"supportTickets","queryScope":"COLLECTION","fields":[{"fieldPath":"status","order":"ASCENDING"},{"fieldPath":"createdAt","order":"DESCENDING"}]}
[debug] [2025-09-18T23:52:52.834Z] Checked if tokens are valid: true, expires at: 1758242126839
[debug] [2025-09-18T23:52:52.834Z] Checked if tokens are valid: true, expires at: 1758242126839
[debug] [2025-09-18T23:52:52.835Z] >>> [apiv2][query] POST https://firestore.googleapis.com/v1/projects/leli-rentals-52a08/databases/(default)/collectionGroups/supportTickets/indexes [none]
[debug] [2025-09-18T23:52:52.835Z] >>> [apiv2][body] POST https://firestore.googleapis.com/v1/projects/leli-rentals-52a08/databases/(default)/collectionGroups/supportTickets/indexes {"fields":[{"fieldPath":"status","order":"ASCENDING"},{"fieldPath":"createdAt","order":"DESCENDING"}],"queryScope":"COLLECTION"}
[debug] [2025-09-18T23:52:53.097Z] <<< [apiv2][status] POST https://firestore.googleapis.com/v1/projects/leli-rentals-52a08/databases/(default)/collectionGroups/supportTickets/indexes 200
[debug] [2025-09-18T23:52:53.097Z] <<< [apiv2][body] POST https://firestore.googleapis.com/v1/projects/leli-rentals-52a08/databases/(default)/collectionGroups/supportTickets/indexes {"name":"projects/leli-rentals-52a08/databases/(default)/operations/TElvOUZqSmdBQ0lDDCoDIDkzYWQ5NDYzYTZiNi04OTA4LTc3ZTQtMDllZS01OTFlZGU5NCQac2VuaWxlcGlwCQpBEg","metadata":{"@type":"type.googleapis.com/google.firestore.admin.v1.IndexOperationMetadata","startTime":"2025-09-18T23:52:53.012302Z","index":"projects/leli-rentals-52a08/databases/(default)/collectionGroups/supportTickets/indexes/CICAgJjF9oIL","state":"INITIALIZING"}}
[info] +  firestore: deployed indexes in firestore.indexes.json successfully for (default) database 
[info] 
[info] +  Deploy complete! 
[info] 
[info] Project Console: https://console.firebase.google.com/project/leli-rentals-52a08/overview
[debug] [2025-10-02T11:13:11.820Z] ----------------------------------------------------------------------
[debug] [2025-10-02T11:13:11.970Z] Command:       C:\Program Files\nodejs\node.exe C:\Users\evince\AppData\Roaming\npm\node_modules\firebase-tools\lib\bin\firebase.js deploy --only firestore:rules
[debug] [2025-10-02T11:13:11.986Z] CLI Version:   14.16.0
[debug] [2025-10-02T11:13:11.987Z] Platform:      win32
[debug] [2025-10-02T11:13:11.994Z] Node Version:  v22.18.0
[debug] [2025-10-02T11:13:11.997Z] Time:          Thu Oct 02 2025 14:13:11 GMT+0300 (East Africa Time)
[debug] [2025-10-02T11:13:12.006Z] ----------------------------------------------------------------------
[debug] 
[debug] [2025-10-02T11:13:12.061Z] >>> [apiv2][query] GET https://firebase-public.firebaseio.com/cli.json [none]
[debug] [2025-10-02T11:13:15.587Z] > command requires scopes: ["email","openid","https://www.googleapis.com/auth/cloudplatformprojects.readonly","https://www.googleapis.com/auth/firebase","https://www.googleapis.com/auth/cloud-platform"]
[debug] [2025-10-02T11:13:15.590Z] > authorizing via signed-in user (lelirentals@gmail.com)
[debug] [2025-10-02T11:13:15.591Z] [iam] checking project leli-rentals-52a08 for permissions ["datastore.indexes.create","datastore.indexes.delete","datastore.indexes.list","datastore.indexes.update","firebase.projects.get"]
[debug] [2025-10-02T11:13:15.601Z] Checked if tokens are valid: false, expires at: 1758242126839
[debug] [2025-10-02T11:13:15.603Z] Checked if tokens are valid: false, expires at: 1758242126839
[debug] [2025-10-02T11:13:15.608Z] > refreshing access token with scopes: []
[debug] [2025-10-02T11:13:15.642Z] >>> [apiv2][query] POST https://www.googleapis.com/oauth2/v3/token [none]
[debug] [2025-10-02T11:13:15.659Z] >>> [apiv2][body] POST https://www.googleapis.com/oauth2/v3/token [omitted]
[debug] [2025-10-02T11:13:17.575Z] <<< [apiv2][status] POST https://www.googleapis.com/oauth2/v3/token 200
[debug] [2025-10-02T11:13:17.577Z] <<< [apiv2][body] POST https://www.googleapis.com/oauth2/v3/token [omitted]
[debug] [2025-10-02T11:13:17.739Z] >>> [apiv2][query] POST https://cloudresourcemanager.googleapis.com/v1/projects/leli-rentals-52a08:testIamPermissions [none]
[debug] [2025-10-02T11:13:17.739Z] >>> [apiv2][(partial)header] POST https://cloudresourcemanager.googleapis.com/v1/projects/leli-rentals-52a08:testIamPermissions x-goog-quota-user=projects/leli-rentals-52a08
[debug] [2025-10-02T11:13:17.740Z] >>> [apiv2][body] POST https://cloudresourcemanager.googleapis.com/v1/projects/leli-rentals-52a08:testIamPermissions {"permissions":["datastore.indexes.create","datastore.indexes.delete","datastore.indexes.list","datastore.indexes.update","firebase.projects.get"]}
[debug] [2025-10-02T11:13:17.871Z] <<< [apiv2][status] GET https://firebase-public.firebaseio.com/cli.json 200
[debug] [2025-10-02T11:13:17.877Z] <<< [apiv2][body] GET https://firebase-public.firebaseio.com/cli.json {"cloudBuildErrorAfter":1594252800000,"cloudBuildWarnAfter":1590019200000,"defaultNode10After":1594252800000,"minVersion":"3.0.5","node8DeploysDisabledAfter":1613390400000,"node8RuntimeDisabledAfter":1615809600000,"node8WarnAfter":1600128000000}
[debug] [2025-10-02T11:13:19.712Z] <<< [apiv2][status] POST https://cloudresourcemanager.googleapis.com/v1/projects/leli-rentals-52a08:testIamPermissions 200
[debug] [2025-10-02T11:13:19.728Z] <<< [apiv2][body] POST https://cloudresourcemanager.googleapis.com/v1/projects/leli-rentals-52a08:testIamPermissions {"permissions":["datastore.indexes.create","datastore.indexes.delete","datastore.indexes.list","datastore.indexes.update","firebase.projects.get"]}
[info] 
[info] === Deploying to 'leli-rentals-52a08'...
[info] 
[info] i  deploying firestore 
[info] i  firestore: reading indexes from firestore.indexes.json... 
[info] i  cloud.firestore: checking firestore.rules for compilation errors... 
[debug] [2025-10-02T11:13:19.925Z] Checked if tokens are valid: true, expires at: 1759407196577
[debug] [2025-10-02T11:13:19.928Z] Checked if tokens are valid: true, expires at: 1759407196577
[debug] [2025-10-02T11:13:19.941Z] >>> [apiv2][query] POST https://firebaserules.googleapis.com/v1/projects/leli-rentals-52a08:test [none]
[debug] [2025-10-02T11:13:19.942Z] >>> [apiv2][body] POST https://firebaserules.googleapis.com/v1/projects/leli-rentals-52a08:test [omitted]
[debug] [2025-10-02T11:13:21.575Z] <<< [apiv2][status] POST https://firebaserules.googleapis.com/v1/projects/leli-rentals-52a08:test 200
[debug] [2025-10-02T11:13:21.575Z] <<< [apiv2][body] POST https://firebaserules.googleapis.com/v1/projects/leli-rentals-52a08:test {}
[info] +  cloud.firestore: rules file firestore.rules compiled successfully 
[debug] [2025-10-02T11:13:21.587Z] Checked if tokens are valid: true, expires at: 1759407196577
[debug] [2025-10-02T11:13:21.587Z] Checked if tokens are valid: true, expires at: 1759407196577
[debug] [2025-10-02T11:13:21.588Z] >>> [apiv2][query] GET https://firestore.googleapis.com/v1/projects/leli-rentals-52a08/databases/(default) [none]
[debug] [2025-10-02T11:13:23.187Z] <<< [apiv2][status] GET https://firestore.googleapis.com/v1/projects/leli-rentals-52a08/databases/(default) 200
[debug] [2025-10-02T11:13:23.187Z] <<< [apiv2][body] GET https://firestore.googleapis.com/v1/projects/leli-rentals-52a08/databases/(default) {"name":"projects/leli-rentals-52a08/databases/(default)","uid":"dc289044-a7c3-40c0-a6e0-82fede3e41aa","createTime":"2025-09-15T23:13:19.407430Z","updateTime":"2025-09-15T23:13:19.407430Z","locationId":"africa-south1","type":"FIRESTORE_NATIVE","concurrencyMode":"PESSIMISTIC","versionRetentionPeriod":"3600s","earliestVersionTime":"2025-10-02T10:13:22.883773Z","appEngineIntegrationMode":"DISABLED","pointInTimeRecoveryEnablement":"POINT_IN_TIME_RECOVERY_DISABLED","deleteProtectionState":"DELETE_PROTECTION_DISABLED","databaseEdition":"STANDARD","freeTier":true,"etag":"INHkkJaxhZADMMWMtvjy248D"}
[debug] [2025-10-02T11:13:23.189Z] Checked if tokens are valid: true, expires at: 1759407196577
[debug] [2025-10-02T11:13:23.190Z] Checked if tokens are valid: true, expires at: 1759407196577
[debug] [2025-10-02T11:13:23.191Z] >>> [apiv2][query] GET https://firebaserules.googleapis.com/v1/projects/leli-rentals-52a08/releases pageSize=10&pageToken=
[debug] [2025-10-02T11:13:23.975Z] <<< [apiv2][status] GET https://firebaserules.googleapis.com/v1/projects/leli-rentals-52a08/releases 200
[debug] [2025-10-02T11:13:23.976Z] <<< [apiv2][body] GET https://firebaserules.googleapis.com/v1/projects/leli-rentals-52a08/releases {"releases":[{"name":"projects/leli-rentals-52a08/releases/cloud.firestore","rulesetName":"projects/leli-rentals-52a08/rulesets/b75ea417-433b-43f9-8ce9-61098b7ea19e","createTime":"2025-09-15T23:15:48.173784Z","updateTime":"2025-09-16T00:27:02.235770Z"}]}
[debug] [2025-10-02T11:13:23.977Z] Checked if tokens are valid: true, expires at: 1759407196577
[debug] [2025-10-02T11:13:23.977Z] Checked if tokens are valid: true, expires at: 1759407196577
[debug] [2025-10-02T11:13:23.991Z] >>> [apiv2][query] GET https://firebaserules.googleapis.com/v1/projects/leli-rentals-52a08/rulesets/b75ea417-433b-43f9-8ce9-61098b7ea19e [none]
[debug] [2025-10-02T11:13:25.161Z] <<< [apiv2][status] GET https://firebaserules.googleapis.com/v1/projects/leli-rentals-52a08/rulesets/b75ea417-433b-43f9-8ce9-61098b7ea19e 200
[debug] [2025-10-02T11:13:25.161Z] <<< [apiv2][body] GET https://firebaserules.googleapis.com/v1/projects/leli-rentals-52a08/rulesets/b75ea417-433b-43f9-8ce9-61098b7ea19e [omitted]
[info] i  firestore: uploading rules firestore.rules... 
[debug] [2025-10-02T11:13:25.277Z] Checked if tokens are valid: true, expires at: 1759407196577
[debug] [2025-10-02T11:13:25.305Z] Checked if tokens are valid: true, expires at: 1759407196577
[debug] [2025-10-02T11:13:25.306Z] >>> [apiv2][query] POST https://firebaserules.googleapis.com/v1/projects/leli-rentals-52a08/rulesets [none]
[debug] [2025-10-02T11:13:25.306Z] >>> [apiv2][body] POST https://firebaserules.googleapis.com/v1/projects/leli-rentals-52a08/rulesets [omitted]
[debug] [2025-10-02T11:13:26.668Z] <<< [apiv2][status] POST https://firebaserules.googleapis.com/v1/projects/leli-rentals-52a08/rulesets 200
[debug] [2025-10-02T11:13:26.673Z] <<< [apiv2][body] POST https://firebaserules.googleapis.com/v1/projects/leli-rentals-52a08/rulesets {"name":"projects/leli-rentals-52a08/rulesets/26c1b255-c918-4ba8-ae8b-0ffe2a918afa","source":{"files":[{"content":"rules_version='2';\nservice cloud.firestore {\n  match /databases/{database}/documents {\n    // Users can read and write their own user document\n    match /users/{userId} {\n      allow read, write: if request.auth != null && request.auth.uid == userId;\n    }\n    \n    // Properties - owners can manage their own properties\n    match /properties/{propertyId} {\n      allow read: if request.auth != null;\n      allow write: if request.auth != null && \n        (resource == null || resource.data.owner == request.auth.uid);\n    }\n    \n    \n    // Applications - users can manage their own applications\n    match /applications/{applicationId} {\n      allow read, write: if request.auth != null && \n        (resource == null || resource.data.user == request.auth.uid);\n    }\n    \n    // Agreements - participants can read, owners can manage\n    match /agreements/{agreementId} {\n      allow read: if request.auth != null && \n        (resource.data.owner == request.auth.uid || resource.data.renter == request.auth.uid);\n      allow write: if request.auth != null && \n        (resource == null || resource.data.owner == request.auth.uid);\n    }\n    \n    // Payments - participants can read, owners can manage\n    match /payments/{paymentId} {\n      allow read: if request.auth != null && \n        (get(/databases/$(database)/documents/agreements/$(resource.data.agreement)).data.owner == request.auth.uid ||\n         get(/databases/$(database)/documents/agreements/$(resource.data.agreement)).data.renter == request.auth.uid);\n      allow write: if request.auth != null && \n        (resource == null || \n         get(/databases/$(database)/documents/agreements/$(resource.data.agreement)).data.owner == request.auth.uid);\n    }\n    \n    // Support messages - users can manage their own messages\n    match /support-messages/{messageId} {\n      allow read, write: if request.auth != null && \n        (resource == null || resource.data.userId == request.auth.uid);\n    }\n    \n    // User favorites - users can manage their own favorites\n    match /user-favorites/{favoriteId} {\n      allow read, write: if request.auth != null && \n        (resource == null || resource.data.userId == request.auth.uid);\n    }\n    \n    // User bookings - users can manage their own bookings\n    match /user-bookings/{bookingId} {\n      allow read, write: if request.auth != null && \n        (resource == null || resource.data.userId == request.auth.uid);\n    }\n    \n    // User profiles - users can manage their own profiles\n    match /userProfiles/{userId} {\n      allow read, write: if request.auth != null && request.auth.uid == userId;\n    }\n    \n    // User reviews - anyone can read, reviewers can write\n    match /userReviews/{reviewId} {\n      allow read: if request.auth != null;\n      allow write: if request.auth != null && \n        (resource == null || resource.data.reviewerId == request.auth.uid);\n    }\n    \n    // Listings - anyone can read, owners can manage their listings\n    match /listings/{listingId} {\n      allow read: if request.auth != null;\n      allow create: if request.auth != null && request.auth.uid == request.resource.data.owner.id;\n      allow update, delete: if request.auth != null && \n        (resource == null || resource.data.owner.id == request.auth.uid);\n    }\n    \n    // Bookings - users can manage their own bookings\n    match /bookings/{bookingId} {\n      allow read, write: if request.auth != null && \n        (resource == null || resource.data.userId == request.auth.uid);\n    }\n    \n    // User settings - users can manage their own settings\n    match /userSettings/{userId} {\n      allow read, write: if request.auth != null && request.auth.uid == userId;\n    }\n    \n    // Saved bookings - users can manage their own saved bookings\n    match /savedBookings/{bookingId} {\n      allow read, write: if request.auth != null && \n        (resource == null || resource.data.userId == request.auth.uid);\n    }\n    \n    // User interactions (likes, saves, views, shares) - users can manage their own interactions\n    match /user_interactions/{interactionId} {\n      allow read, write: if request.auth != null && \n        (resource == null || resource.data.userId == request.auth.uid);\n    }\n    \n    // Listing stats - anyone can read, system can write\n    match /listing_stats/{statId} {\n      allow read: if request.auth != null;\n      allow write: if request.auth != null;\n    }\n    \n    // Notifications - users can manage their own notifications\n    match /notifications/{notificationId} {\n      allow read, write: if request.auth != null && \n        (resource == null || resource.data.userId == request.auth.uid);\n    }\n    \n    // Chat sessions - users can manage their own chat sessions\n    match /chatSessions/{sessionId} {\n      allow read, write: if request.auth != null && \n        (resource == null || resource.data.userId == request.auth.uid);\n    }\n    \n    // Support tickets - users can manage their own tickets, admins can read all\n    match /supportTickets/{ticketId} {\n      allow read: if request.auth != null && \n        (resource == null || resource.data.userId == request.auth.uid);\n      allow write: if request.auth != null && \n        (resource == null || resource.data.userId == request.auth.uid);\n    }\n  }\n}\n","name":"firestore.rules"}]},"createTime":"2025-10-02T11:13:26.137647Z","metadata":{"services":["cloud.firestore"]}}
[debug] [2025-10-02T11:13:26.675Z] [rules] created ruleset projects/leli-rentals-52a08/rulesets/26c1b255-c918-4ba8-ae8b-0ffe2a918afa
[debug] [2025-10-02T11:13:26.690Z] [rules] releasing cloud.firestore/(default) with ruleset projects/leli-rentals-52a08/rulesets/26c1b255-c918-4ba8-ae8b-0ffe2a918afa
[debug] [2025-10-02T11:13:26.692Z] Checked if tokens are valid: true, expires at: 1759407196577
[debug] [2025-10-02T11:13:26.692Z] Checked if tokens are valid: true, expires at: 1759407196577
[debug] [2025-10-02T11:13:26.706Z] >>> [apiv2][query] PATCH https://firebaserules.googleapis.com/v1/projects/leli-rentals-52a08/releases/cloud.firestore/(default) [none]
[debug] [2025-10-02T11:13:26.706Z] >>> [apiv2][body] PATCH https://firebaserules.googleapis.com/v1/projects/leli-rentals-52a08/releases/cloud.firestore/(default) {"release":{"name":"projects/leli-rentals-52a08/releases/cloud.firestore/(default)","rulesetName":"projects/leli-rentals-52a08/rulesets/26c1b255-c918-4ba8-ae8b-0ffe2a918afa"}}
[debug] [2025-10-02T11:13:27.691Z] <<< [apiv2][status] PATCH https://firebaserules.googleapis.com/v1/projects/leli-rentals-52a08/releases/cloud.firestore/(default) 200
[debug] [2025-10-02T11:13:27.692Z] <<< [apiv2][body] PATCH https://firebaserules.googleapis.com/v1/projects/leli-rentals-52a08/releases/cloud.firestore/(default) {"name":"projects/leli-rentals-52a08/releases/cloud.firestore","rulesetName":"projects/leli-rentals-52a08/rulesets/26c1b255-c918-4ba8-ae8b-0ffe2a918afa","createTime":"2025-09-15T23:15:48.173784Z","updateTime":"2025-10-02T11:13:27.498777Z"}
[debug] [2025-10-02T11:13:27.703Z] [rules] updated release projects/leli-rentals-52a08/releases/cloud.firestore
[info] +  firestore: released rules firestore.rules to cloud.firestore 
[info] 
[info] +  Deploy complete! 
[info] 
[info] Project Console: https://console.firebase.google.com/project/leli-rentals-52a08/overview
[debug] [2025-10-02T12:15:37.218Z] ----------------------------------------------------------------------
[debug] [2025-10-02T12:15:37.251Z] Command:       C:\Program Files\nodejs\node.exe C:\Users\evince\AppData\Roaming\npm\node_modules\firebase-tools\lib\bin\firebase.js deploy --only storage
[debug] [2025-10-02T12:15:37.253Z] CLI Version:   14.16.0
[debug] [2025-10-02T12:15:37.253Z] Platform:      win32
[debug] [2025-10-02T12:15:37.254Z] Node Version:  v22.18.0
[debug] [2025-10-02T12:15:37.255Z] Time:          Thu Oct 02 2025 15:15:37 GMT+0300 (East Africa Time)
[debug] [2025-10-02T12:15:37.256Z] ----------------------------------------------------------------------
[debug] 
[error] 
[error] Error: Cannot understand what targets to deploy/serve. No targets in firebase.json match '--only storage'. If you are using PowerShell make sure you place quotes around any comma-separated lists (ex: --only "functions,firestore").
[debug] [2025-10-02T12:16:52.844Z] ----------------------------------------------------------------------
[debug] [2025-10-02T12:16:52.852Z] Command:       C:\Program Files\nodejs\node.exe C:\Users\evince\AppData\Roaming\npm\node_modules\firebase-tools\lib\bin\firebase.js deploy --only storage
[debug] [2025-10-02T12:16:52.853Z] CLI Version:   14.16.0
[debug] [2025-10-02T12:16:52.853Z] Platform:      win32
[debug] [2025-10-02T12:16:52.854Z] Node Version:  v22.18.0
[debug] [2025-10-02T12:16:52.855Z] Time:          Thu Oct 02 2025 15:16:52 GMT+0300 (East Africa Time)
[debug] [2025-10-02T12:16:52.855Z] ----------------------------------------------------------------------
[debug] 
[debug] [2025-10-02T12:16:53.357Z] > command requires scopes: ["email","openid","https://www.googleapis.com/auth/cloudplatformprojects.readonly","https://www.googleapis.com/auth/firebase","https://www.googleapis.com/auth/cloud-platform"]
[debug] [2025-10-02T12:16:53.359Z] > authorizing via signed-in user (lelirentals@gmail.com)
[debug] [2025-10-02T12:16:53.360Z] [iam] checking project leli-rentals-52a08 for permissions ["firebase.projects.get","firebaserules.releases.create","firebaserules.releases.update","firebaserules.rulesets.create"]
[debug] [2025-10-02T12:16:53.363Z] Checked if tokens are valid: false, expires at: 1759407196577
[debug] [2025-10-02T12:16:53.364Z] Checked if tokens are valid: false, expires at: 1759407196577
[debug] [2025-10-02T12:16:53.365Z] > refreshing access token with scopes: []
[debug] [2025-10-02T12:16:53.370Z] >>> [apiv2][query] POST https://www.googleapis.com/oauth2/v3/token [none]
[debug] [2025-10-02T12:16:53.370Z] >>> [apiv2][body] POST https://www.googleapis.com/oauth2/v3/token [omitted]
[debug] [2025-10-02T12:16:54.063Z] <<< [apiv2][status] POST https://www.googleapis.com/oauth2/v3/token 200
[debug] [2025-10-02T12:16:54.064Z] <<< [apiv2][body] POST https://www.googleapis.com/oauth2/v3/token [omitted]
[debug] [2025-10-02T12:16:54.083Z] >>> [apiv2][query] POST https://cloudresourcemanager.googleapis.com/v1/projects/leli-rentals-52a08:testIamPermissions [none]
[debug] [2025-10-02T12:16:54.083Z] >>> [apiv2][(partial)header] POST https://cloudresourcemanager.googleapis.com/v1/projects/leli-rentals-52a08:testIamPermissions x-goog-quota-user=projects/leli-rentals-52a08
[debug] [2025-10-02T12:16:54.084Z] >>> [apiv2][body] POST https://cloudresourcemanager.googleapis.com/v1/projects/leli-rentals-52a08:testIamPermissions {"permissions":["firebase.projects.get","firebaserules.releases.create","firebaserules.releases.update","firebaserules.rulesets.create"]}
[debug] [2025-10-02T12:16:54.827Z] <<< [apiv2][status] POST https://cloudresourcemanager.googleapis.com/v1/projects/leli-rentals-52a08:testIamPermissions 200
[debug] [2025-10-02T12:16:54.828Z] <<< [apiv2][body] POST https://cloudresourcemanager.googleapis.com/v1/projects/leli-rentals-52a08:testIamPermissions {"permissions":["firebase.projects.get","firebaserules.releases.create","firebaserules.releases.update","firebaserules.rulesets.create"]}
[info] 
[info] === Deploying to 'leli-rentals-52a08'...
[info] 
[info] i  deploying storage 
[info] i  storage: ensuring required API firebasestorage.googleapis.com is enabled... 
[debug] [2025-10-02T12:16:54.836Z] Checked if tokens are valid: true, expires at: 1759411013064
[debug] [2025-10-02T12:16:54.837Z] Checked if tokens are valid: true, expires at: 1759411013064
[debug] [2025-10-02T12:16:54.837Z] >>> [apiv2][query] GET https://serviceusage.googleapis.com/v1/projects/leli-rentals-52a08/services/firebasestorage.googleapis.com [none]
[debug] [2025-10-02T12:16:54.837Z] >>> [apiv2][(partial)header] GET https://serviceusage.googleapis.com/v1/projects/leli-rentals-52a08/services/firebasestorage.googleapis.com x-goog-quota-user=projects/leli-rentals-52a08
[debug] [2025-10-02T12:16:56.738Z] <<< [apiv2][status] GET https://serviceusage.googleapis.com/v1/projects/leli-rentals-52a08/services/firebasestorage.googleapis.com 200
[debug] [2025-10-02T12:16:56.738Z] <<< [apiv2][body] GET https://serviceusage.googleapis.com/v1/projects/leli-rentals-52a08/services/firebasestorage.googleapis.com [omitted]
[warn] !  storage: missing required API firebasestorage.googleapis.com. Enabling now... 
[debug] [2025-10-02T12:16:56.740Z] Checked if tokens are valid: true, expires at: 1759411013064
[debug] [2025-10-02T12:16:56.740Z] Checked if tokens are valid: true, expires at: 1759411013064
[debug] [2025-10-02T12:16:56.740Z] >>> [apiv2][query] POST https://serviceusage.googleapis.com/v1/projects/leli-rentals-52a08/services/firebasestorage.googleapis.com:enable [none]
[debug] [2025-10-02T12:16:56.741Z] >>> [apiv2][(partial)header] POST https://serviceusage.googleapis.com/v1/projects/leli-rentals-52a08/services/firebasestorage.googleapis.com:enable x-goog-quota-user=projects/leli-rentals-52a08
[debug] [2025-10-02T12:16:58.561Z] <<< [apiv2][status] POST https://serviceusage.googleapis.com/v1/projects/leli-rentals-52a08/services/firebasestorage.googleapis.com:enable 200
[debug] [2025-10-02T12:16:58.561Z] <<< [apiv2][body] POST https://serviceusage.googleapis.com/v1/projects/leli-rentals-52a08/services/firebasestorage.googleapis.com:enable [omitted]
[debug] [2025-10-02T12:17:08.577Z] Checked if tokens are valid: true, expires at: 1759411013064
[debug] [2025-10-02T12:17:08.578Z] Checked if tokens are valid: true, expires at: 1759411013064
[debug] [2025-10-02T12:17:08.578Z] >>> [apiv2][query] GET https://firebasestorage.googleapis.com/v1alpha/projects/leli-rentals-52a08/defaultBucket [none]
[debug] [2025-10-02T12:17:09.674Z] <<< [apiv2][status] GET https://firebasestorage.googleapis.com/v1alpha/projects/leli-rentals-52a08/defaultBucket 404
[debug] [2025-10-02T12:17:09.675Z] <<< [apiv2][body] GET https://firebasestorage.googleapis.com/v1alpha/projects/leli-rentals-52a08/defaultBucket {"error":{"code":404,"message":"Requested entity was not found.","status":"NOT_FOUND"}}
[error] 
[error] Error: Firebase Storage has not been set up on project 'leli-rentals-52a08'. Go to https://console.firebase.google.com/project/leli-rentals-52a08/storage and click 'Get Started' to set up Firebase Storage.
[debug] [2025-10-02T12:39:20.073Z] ----------------------------------------------------------------------
[debug] [2025-10-02T12:39:20.098Z] Command:       C:\Program Files\nodejs\node.exe C:\Users\evince\AppData\Roaming\npm\node_modules\firebase-tools\lib\bin\firebase.js deploy --only firestore:rules
[debug] [2025-10-02T12:39:20.099Z] CLI Version:   14.16.0
[debug] [2025-10-02T12:39:20.100Z] Platform:      win32
[debug] [2025-10-02T12:39:20.100Z] Node Version:  v22.18.0
[debug] [2025-10-02T12:39:20.101Z] Time:          Thu Oct 02 2025 15:39:20 GMT+0300 (East Africa Time)
[debug] [2025-10-02T12:39:20.101Z] ----------------------------------------------------------------------
[debug] 
[debug] [2025-10-02T12:39:21.042Z] > command requires scopes: ["email","openid","https://www.googleapis.com/auth/cloudplatformprojects.readonly","https://www.googleapis.com/auth/firebase","https://www.googleapis.com/auth/cloud-platform"]
[debug] [2025-10-02T12:39:21.047Z] > authorizing via signed-in user (lelirentals@gmail.com)
[debug] [2025-10-02T12:39:21.048Z] [iam] checking project leli-rentals-52a08 for permissions ["datastore.indexes.create","datastore.indexes.delete","datastore.indexes.list","datastore.indexes.update","firebase.projects.get"]
[debug] [2025-10-02T12:39:21.052Z] Checked if tokens are valid: true, expires at: 1759411013064
[debug] [2025-10-02T12:39:21.052Z] Checked if tokens are valid: true, expires at: 1759411013064
[debug] [2025-10-02T12:39:21.056Z] >>> [apiv2][query] POST https://cloudresourcemanager.googleapis.com/v1/projects/leli-rentals-52a08:testIamPermissions [none]
[debug] [2025-10-02T12:39:21.057Z] >>> [apiv2][(partial)header] POST https://cloudresourcemanager.googleapis.com/v1/projects/leli-rentals-52a08:testIamPermissions x-goog-quota-user=projects/leli-rentals-52a08
[debug] [2025-10-02T12:39:21.057Z] >>> [apiv2][body] POST https://cloudresourcemanager.googleapis.com/v1/projects/leli-rentals-52a08:testIamPermissions {"permissions":["datastore.indexes.create","datastore.indexes.delete","datastore.indexes.list","datastore.indexes.update","firebase.projects.get"]}
[debug] [2025-10-02T12:39:22.947Z] <<< [apiv2][status] POST https://cloudresourcemanager.googleapis.com/v1/projects/leli-rentals-52a08:testIamPermissions 200
[debug] [2025-10-02T12:39:22.948Z] <<< [apiv2][body] POST https://cloudresourcemanager.googleapis.com/v1/projects/leli-rentals-52a08:testIamPermissions {"permissions":["datastore.indexes.create","datastore.indexes.delete","datastore.indexes.list","datastore.indexes.update","firebase.projects.get"]}
[info] 
[info] === Deploying to 'leli-rentals-52a08'...
[info] 
[info] i  deploying firestore 
[info] i  firestore: reading indexes from firestore.indexes.json... 
[info] i  cloud.firestore: checking firestore.rules for compilation errors... 
[debug] [2025-10-02T12:39:22.968Z] Checked if tokens are valid: true, expires at: 1759411013064
[debug] [2025-10-02T12:39:22.968Z] Checked if tokens are valid: true, expires at: 1759411013064
[debug] [2025-10-02T12:39:22.970Z] >>> [apiv2][query] POST https://firebaserules.googleapis.com/v1/projects/leli-rentals-52a08:test [none]
[debug] [2025-10-02T12:39:22.970Z] >>> [apiv2][body] POST https://firebaserules.googleapis.com/v1/projects/leli-rentals-52a08:test [omitted]
[debug] [2025-10-02T12:39:24.128Z] <<< [apiv2][status] POST https://firebaserules.googleapis.com/v1/projects/leli-rentals-52a08:test 200
[debug] [2025-10-02T12:39:24.128Z] <<< [apiv2][body] POST https://firebaserules.googleapis.com/v1/projects/leli-rentals-52a08:test {}
[info] +  cloud.firestore: rules file firestore.rules compiled successfully 
[debug] [2025-10-02T12:39:24.130Z] Checked if tokens are valid: true, expires at: 1759411013064
[debug] [2025-10-02T12:39:24.130Z] Checked if tokens are valid: true, expires at: 1759411013064
[debug] [2025-10-02T12:39:24.131Z] >>> [apiv2][query] GET https://firestore.googleapis.com/v1/projects/leli-rentals-52a08/databases/(default) [none]
[debug] [2025-10-02T12:39:25.282Z] <<< [apiv2][status] GET https://firestore.googleapis.com/v1/projects/leli-rentals-52a08/databases/(default) 200
[debug] [2025-10-02T12:39:25.282Z] <<< [apiv2][body] GET https://firestore.googleapis.com/v1/projects/leli-rentals-52a08/databases/(default) {"name":"projects/leli-rentals-52a08/databases/(default)","uid":"dc289044-a7c3-40c0-a6e0-82fede3e41aa","createTime":"2025-09-15T23:13:19.407430Z","updateTime":"2025-09-15T23:13:19.407430Z","locationId":"africa-south1","type":"FIRESTORE_NATIVE","concurrencyMode":"PESSIMISTIC","versionRetentionPeriod":"3600s","earliestVersionTime":"2025-10-02T11:39:24.976010Z","appEngineIntegrationMode":"DISABLED","pointInTimeRecoveryEnablement":"POINT_IN_TIME_RECOVERY_DISABLED","deleteProtectionState":"DELETE_PROTECTION_DISABLED","databaseEdition":"STANDARD","freeTier":true,"etag":"ILPyzbPEhZADMMWMtvjy248D"}
[debug] [2025-10-02T12:39:25.283Z] Checked if tokens are valid: true, expires at: 1759411013064
[debug] [2025-10-02T12:39:25.284Z] Checked if tokens are valid: true, expires at: 1759411013064
[debug] [2025-10-02T12:39:25.285Z] >>> [apiv2][query] GET https://firebaserules.googleapis.com/v1/projects/leli-rentals-52a08/releases pageSize=10&pageToken=
[debug] [2025-10-02T12:39:26.044Z] <<< [apiv2][status] GET https://firebaserules.googleapis.com/v1/projects/leli-rentals-52a08/releases 200
[debug] [2025-10-02T12:39:26.044Z] <<< [apiv2][body] GET https://firebaserules.googleapis.com/v1/projects/leli-rentals-52a08/releases {"releases":[{"name":"projects/leli-rentals-52a08/releases/cloud.firestore","rulesetName":"projects/leli-rentals-52a08/rulesets/26c1b255-c918-4ba8-ae8b-0ffe2a918afa","createTime":"2025-09-15T23:15:48.173784Z","updateTime":"2025-10-02T11:13:27.498777Z"}]}
[debug] [2025-10-02T12:39:26.045Z] Checked if tokens are valid: true, expires at: 1759411013064
[debug] [2025-10-02T12:39:26.045Z] Checked if tokens are valid: true, expires at: 1759411013064
[debug] [2025-10-02T12:39:26.046Z] >>> [apiv2][query] GET https://firebaserules.googleapis.com/v1/projects/leli-rentals-52a08/rulesets/26c1b255-c918-4ba8-ae8b-0ffe2a918afa [none]
[debug] [2025-10-02T12:39:26.803Z] <<< [apiv2][status] GET https://firebaserules.googleapis.com/v1/projects/leli-rentals-52a08/rulesets/26c1b255-c918-4ba8-ae8b-0ffe2a918afa 200
[debug] [2025-10-02T12:39:26.804Z] <<< [apiv2][body] GET https://firebaserules.googleapis.com/v1/projects/leli-rentals-52a08/rulesets/26c1b255-c918-4ba8-ae8b-0ffe2a918afa [omitted]
[info] i  firestore: uploading rules firestore.rules... 
[debug] [2025-10-02T12:39:26.807Z] Checked if tokens are valid: true, expires at: 1759411013064
[debug] [2025-10-02T12:39:26.807Z] Checked if tokens are valid: true, expires at: 1759411013064
[debug] [2025-10-02T12:39:26.808Z] >>> [apiv2][query] POST https://firebaserules.googleapis.com/v1/projects/leli-rentals-52a08/rulesets [none]
[debug] [2025-10-02T12:39:26.809Z] >>> [apiv2][body] POST https://firebaserules.googleapis.com/v1/projects/leli-rentals-52a08/rulesets [omitted]
[debug] [2025-10-02T12:39:27.422Z] <<< [apiv2][status] POST https://firebaserules.googleapis.com/v1/projects/leli-rentals-52a08/rulesets 200
[debug] [2025-10-02T12:39:27.422Z] <<< [apiv2][body] POST https://firebaserules.googleapis.com/v1/projects/leli-rentals-52a08/rulesets {"name":"projects/leli-rentals-52a08/rulesets/b5d51d14-880d-4f65-9654-7277d02502e7","source":{"files":[{"content":"rules_version='2';\nservice cloud.firestore {\n  match /databases/{database}/documents {\n    // Users can read and write their own user document\n    match /users/{userId} {\n      allow read, write: if request.auth != null && request.auth.uid == userId;\n    }\n    \n    // Properties - owners can manage their own properties\n    match /properties/{propertyId} {\n      allow read: if request.auth != null;\n      allow write: if request.auth != null && \n        (resource == null || resource.data.owner == request.auth.uid);\n    }\n    \n    \n    // Applications - users can manage their own applications\n    match /applications/{applicationId} {\n      allow read, write: if request.auth != null && \n        (resource == null || resource.data.user == request.auth.uid);\n    }\n    \n    // Agreements - participants can read, owners can manage\n    match /agreements/{agreementId} {\n      allow read: if request.auth != null && \n        (resource.data.owner == request.auth.uid || resource.data.renter == request.auth.uid);\n      allow write: if request.auth != null && \n        (resource == null || resource.data.owner == request.auth.uid);\n    }\n    \n    // Payments - participants can read, owners can manage\n    match /payments/{paymentId} {\n      allow read: if request.auth != null && \n        (get(/databases/$(database)/documents/agreements/$(resource.data.agreement)).data.owner == request.auth.uid ||\n         get(/databases/$(database)/documents/agreements/$(resource.data.agreement)).data.renter == request.auth.uid);\n      allow write: if request.auth != null && \n        (resource == null || \n         get(/databases/$(database)/documents/agreements/$(resource.data.agreement)).data.owner == request.auth.uid);\n    }\n    \n    // Support messages - users can manage their own messages\n    match /support-messages/{messageId} {\n      allow read, write: if request.auth != null && \n        (resource == null || resource.data.userId == request.auth.uid);\n    }\n    \n    // User favorites - users can manage their own favorites\n    match /user-favorites/{favoriteId} {\n      allow read, write: if request.auth != null && \n        (resource == null || resource.data.userId == request.auth.uid);\n    }\n    \n    // User bookings - users can manage their own bookings\n    match /user-bookings/{bookingId} {\n      allow read, write: if request.auth != null && \n        (resource == null || resource.data.userId == request.auth.uid);\n    }\n    \n    // User profiles - users can manage their own profiles\n    match /userProfiles/{userId} {\n      allow read, write: if request.auth != null && request.auth.uid == userId;\n    }\n    \n    // User reviews - anyone can read, reviewers can write\n    match /userReviews/{reviewId} {\n      allow read: if request.auth != null;\n      allow write: if request.auth != null && \n        (resource == null || resource.data.reviewerId == request.auth.uid);\n    }\n    \n    // Listings - anyone can read, owners can manage their listings\n    match /listings/{listingId} {\n      allow read: if request.auth != null;\n      allow create: if request.auth != null && request.auth.uid == request.resource.data.ownerId;\n      allow update, delete: if request.auth != null &&\n        (resource == null || resource.data.ownerId == request.auth.uid);\n    }\n    \n    // Bookings - users can manage their own bookings\n    match /bookings/{bookingId} {\n      allow read, write: if request.auth != null && \n        (resource == null || resource.data.userId == request.auth.uid);\n    }\n    \n    // User settings - users can manage their own settings\n    match /userSettings/{userId} {\n      allow read, write: if request.auth != null && request.auth.uid == userId;\n    }\n    \n    // Saved bookings - users can manage their own saved bookings\n    match /savedBookings/{bookingId} {\n      allow read, write: if request.auth != null && \n        (resource == null || resource.data.userId == request.auth.uid);\n    }\n    \n    // User interactions (likes, saves, views, shares) - users can manage their own interactions\n    match /user_interactions/{interactionId} {\n      allow read, write: if request.auth != null && \n        (resource == null || resource.data.userId == request.auth.uid);\n    }\n    \n    // Listing stats - anyone can read, system can write\n    match /listing_stats/{statId} {\n      allow read: if request.auth != null;\n      allow write: if request.auth != null;\n    }\n    \n    // Notifications - users can manage their own notifications\n    match /notifications/{notificationId} {\n      allow read, write: if request.auth != null && \n        (resource == null || resource.data.userId == request.auth.uid);\n    }\n    \n    // Chat sessions - users can manage their own chat sessions\n    match /chatSessions/{sessionId} {\n      allow read, write: if request.auth != null && \n        (resource == null || resource.data.userId == request.auth.uid);\n    }\n    \n    // Support tickets - users can manage their own tickets, admins can read all\n    match /supportTickets/{ticketId} {\n      allow read: if request.auth != null && \n        (resource == null || resource.data.userId == request.auth.uid);\n      allow write: if request.auth != null && \n        (resource == null || resource.data.userId == request.auth.uid);\n    }\n  }\n}\n","name":"firestore.rules"}]},"createTime":"2025-10-02T12:39:27.236687Z","metadata":{"services":["cloud.firestore"]}}
[debug] [2025-10-02T12:39:27.423Z] [rules] created ruleset projects/leli-rentals-52a08/rulesets/b5d51d14-880d-4f65-9654-7277d02502e7
[debug] [2025-10-02T12:39:27.425Z] [rules] releasing cloud.firestore/(default) with ruleset projects/leli-rentals-52a08/rulesets/b5d51d14-880d-4f65-9654-7277d02502e7
[debug] [2025-10-02T12:39:27.425Z] Checked if tokens are valid: true, expires at: 1759411013064
[debug] [2025-10-02T12:39:27.426Z] Checked if tokens are valid: true, expires at: 1759411013064
[debug] [2025-10-02T12:39:27.426Z] >>> [apiv2][query] PATCH https://firebaserules.googleapis.com/v1/projects/leli-rentals-52a08/releases/cloud.firestore/(default) [none]
[debug] [2025-10-02T12:39:27.426Z] >>> [apiv2][body] PATCH https://firebaserules.googleapis.com/v1/projects/leli-rentals-52a08/releases/cloud.firestore/(default) {"release":{"name":"projects/leli-rentals-52a08/releases/cloud.firestore/(default)","rulesetName":"projects/leli-rentals-52a08/rulesets/b5d51d14-880d-4f65-9654-7277d02502e7"}}
[debug] [2025-10-02T12:39:28.390Z] <<< [apiv2][status] PATCH https://firebaserules.googleapis.com/v1/projects/leli-rentals-52a08/releases/cloud.firestore/(default) 200
[debug] [2025-10-02T12:39:28.391Z] <<< [apiv2][body] PATCH https://firebaserules.googleapis.com/v1/projects/leli-rentals-52a08/releases/cloud.firestore/(default) {"name":"projects/leli-rentals-52a08/releases/cloud.firestore","rulesetName":"projects/leli-rentals-52a08/rulesets/b5d51d14-880d-4f65-9654-7277d02502e7","createTime":"2025-09-15T23:15:48.173784Z","updateTime":"2025-10-02T12:39:28.226891Z"}
[debug] [2025-10-02T12:39:28.391Z] [rules] updated release projects/leli-rentals-52a08/releases/cloud.firestore
[info] +  firestore: released rules firestore.rules to cloud.firestore 
[info] 
[info] +  Deploy complete! 
[info] 
[info] Project Console: https://console.firebase.google.com/project/leli-rentals-52a08/overview
